<?xml version="1.0" encoding="UTF-8"?>
<!-- Generated by org.testng.reporters.JUnitReportReporter -->
<testsuite hostname="Logist-1" failures="0" tests="11" name="com.suprun.periodicals.service.UserServiceTest" time="0.260" errors="0" timestamp="2021-02-03T10:22:31 MSK" skipped="0">
  <testcase classname="com.suprun.periodicals.service.UserServiceTest" name="signInWithWrongEmailTest" time="0.007"/>
  <system-out/>
  <testcase classname="com.suprun.periodicals.service.UserServiceTest" name="registerUserWithNullPasswordTest" time="0.001"/>
  <system-out/>
  <testcase classname="com.suprun.periodicals.service.UserServiceTest" name="signInWithNullPasswordTest" time="0.003"/>
  <system-out/>
  <testcase classname="com.suprun.periodicals.service.UserServiceTest" name="signInWithWrongPasswordTest" time="0.052"/>
  <system-out/>
  <testcase classname="com.suprun.periodicals.service.UserServiceTest" name="signInWithNullEmailTest" time="0.001"/>
  <system-out/>
  <testcase classname="com.suprun.periodicals.service.UserServiceTest" name="findUserByIdWithExistingUserTest" time="0.003"/>
  <system-out/>
  <testcase classname="com.suprun.periodicals.service.UserServiceTest" name="signInWithCorrectEmailAndPasswordTest" time="0.056"/>
  <system-out/>
  <testcase classname="com.suprun.periodicals.service.UserServiceTest" name="registerUserWithNullEmailTest" time="0.002"/>
  <system-out/>
  <testcase classname="com.suprun.periodicals.service.UserServiceTest" name="registerUserWithSameEmailTest" time="0.002"/>
  <system-out/>
  <testcase classname="com.suprun.periodicals.service.UserServiceTest" name="registerUserWithValidParametersTest" time="0.132"/>
  <system-out/>
  <testcase classname="com.suprun.periodicals.service.UserServiceTest" name="findUserByIdWithNotExistingUserTest" time="0.001"/>
  <system-out/>
</testsuite> <!-- com.suprun.periodicals.service.UserServiceTest -->
