<?xml version="1.0" encoding="UTF-8"?>
<!-- Generated by org.testng.reporters.JUnitReportReporter -->
<testsuite hostname="DESKTOP-4369CS2" failures="0" tests="5" name="com.suprun.periodicals.service.PaymentServiceTest" time="1.283" errors="0" timestamp="2021-01-31T16:23:34 MSK" skipped="0">
  <testcase classname="com.suprun.periodicals.service.PaymentServiceTest" name="getPaymentsCountTest" time="0.006"/>
  <system-out/>
  <testcase classname="com.suprun.periodicals.service.PaymentServiceTest" name="findPaymentByIdWithExistingPaymentTest" time="1.052"/>
  <system-out/>
  <testcase classname="com.suprun.periodicals.service.PaymentServiceTest" name="findPaymentByIdWithNotExistingPaymentTest" time="0.006"/>
  <system-out/>
  <testcase classname="com.suprun.periodicals.service.PaymentServiceTest" name="createPayment" time="0.216"/>
  <system-out/>
  <testcase classname="com.suprun.periodicals.service.PaymentServiceTest" name="findAllPaymentsTest" time="0.003"/>
  <system-out/>
</testsuite> <!-- com.suprun.periodicals.service.PaymentServiceTest -->
