<?xml version="1.0" encoding="UTF-8"?>
<!-- Generated by org.testng.reporters.JUnitReportReporter -->
<testsuite hostname="Logist-1" failures="0" tests="5" name="com.suprun.periodicals.service.SubscriptionBinServiceTest" time="0.031" errors="0" timestamp="2021-02-03T10:22:31 MSK" skipped="0">
  <testcase classname="com.suprun.periodicals.service.SubscriptionBinServiceTest" name="removeAllItemFromCartTest" time="0.001"/>
  <system-out/>
  <testcase classname="com.suprun.periodicals.service.SubscriptionBinServiceTest" name="updateShoppingCartItemsFromDatabaseWithExceptionTest" time="0.011"/>
  <system-out/>
  <testcase classname="com.suprun.periodicals.service.SubscriptionBinServiceTest" name="addItemToCartTest" time="0.009"/>
  <system-out/>
  <testcase classname="com.suprun.periodicals.service.SubscriptionBinServiceTest" name="updateShoppingCartItemsFromDatabaseTest" time="0.007"/>
  <system-out/>
  <testcase classname="com.suprun.periodicals.service.SubscriptionBinServiceTest" name="removeItemFromCartTest" time="0.003"/>
  <system-out/>
</testsuite> <!-- com.suprun.periodicals.service.SubscriptionBinServiceTest -->
