<?xml version="1.0" encoding="UTF-8"?>
<!-- Generated by org.testng.reporters.JUnitReportReporter -->
<testsuite hostname="Logist-1" failures="0" tests="5" name="com.suprun.periodicals.service.PaymentServiceTest" time="0.256" errors="0" timestamp="2021-02-03T10:22:31 MSK" skipped="0">
  <testcase classname="com.suprun.periodicals.service.PaymentServiceTest" name="findAllPaymentsTest" time="0.002"/>
  <system-out/>
  <testcase classname="com.suprun.periodicals.service.PaymentServiceTest" name="findPaymentByIdWithExistingPaymentTest" time="0.002"/>
  <system-out/>
  <testcase classname="com.suprun.periodicals.service.PaymentServiceTest" name="createPayment" time="0.045"/>
  <system-out/>
  <testcase classname="com.suprun.periodicals.service.PaymentServiceTest" name="getPaymentsCountTest" time="0.002"/>
  <system-out/>
  <testcase classname="com.suprun.periodicals.service.PaymentServiceTest" name="findPaymentByIdWithNotExistingPaymentTest" time="0.205"/>
  <system-out/>
</testsuite> <!-- com.suprun.periodicals.service.PaymentServiceTest -->
