<?xml version="1.0" encoding="UTF-8"?>
<!-- Generated by org.testng.reporters.JUnitReportReporter -->
<testsuite hostname="DESKTOP-4369CS2" failures="0" tests="11" name="com.suprun.periodicals.service.UserServiceTest" time="1.018" errors="0" timestamp="2021-01-31T16:23:34 MSK" skipped="0">
  <testcase classname="com.suprun.periodicals.service.UserServiceTest" name="findUserByIdWithExistingUserTest" time="0.011"/>
  <system-out/>
  <testcase classname="com.suprun.periodicals.service.UserServiceTest" name="registerUserWithSameEmailTest" time="0.004"/>
  <system-out/>
  <testcase classname="com.suprun.periodicals.service.UserServiceTest" name="signInWithWrongPasswordTest" time="0.116"/>
  <system-out/>
  <testcase classname="com.suprun.periodicals.service.UserServiceTest" name="signInWithNullEmailTest" time="0.011"/>
  <system-out/>
  <testcase classname="com.suprun.periodicals.service.UserServiceTest" name="signInWithWrongEmailTest" time="0.007"/>
  <system-out/>
  <testcase classname="com.suprun.periodicals.service.UserServiceTest" name="registerUserWithValidParametersTest" time="0.542"/>
  <system-out/>
  <testcase classname="com.suprun.periodicals.service.UserServiceTest" name="registerUserWithNullPasswordTest" time="0.022"/>
  <system-out/>
  <testcase classname="com.suprun.periodicals.service.UserServiceTest" name="registerUserWithNullEmailTest" time="0.025"/>
  <system-out/>
  <testcase classname="com.suprun.periodicals.service.UserServiceTest" name="findUserByIdWithNotExistingUserTest" time="0.031"/>
  <system-out/>
  <testcase classname="com.suprun.periodicals.service.UserServiceTest" name="signInWithCorrectEmailAndPasswordTest" time="0.243"/>
  <system-out/>
  <testcase classname="com.suprun.periodicals.service.UserServiceTest" name="signInWithNullPasswordTest" time="0.006"/>
  <system-out/>
</testsuite> <!-- com.suprun.periodicals.service.UserServiceTest -->
