<?xml version="1.0" encoding="UTF-8"?>
<!-- Generated by org.testng.reporters.JUnitReportReporter -->
<testsuite hostname="Logist-1" failures="0" tests="9" name="com.suprun.periodicals.service.SubscriptionServiceTest" time="0.035" errors="0" timestamp="2021-02-03T10:22:31 MSK" skipped="0">
  <testcase classname="com.suprun.periodicals.service.SubscriptionServiceTest" name="findAllSubscriptionPlans" time="0.003"/>
  <system-out/>
  <testcase classname="com.suprun.periodicals.service.SubscriptionServiceTest" name="findAllSubscriptionsByUserAndStatusTest" time="0.016"/>
  <system-out/>
  <testcase classname="com.suprun.periodicals.service.SubscriptionServiceTest" name="getSubscriptionsCountByUserAndStatusTest" time="0.002"/>
  <system-out/>
  <testcase classname="com.suprun.periodicals.service.SubscriptionServiceTest" name="findSubscriptionPeriodByIdWithExistingSubscriptionPeriodTest" time="0.001"/>
  <system-out/>
  <testcase classname="com.suprun.periodicals.service.SubscriptionServiceTest" name="isAlreadySubscribed" time="0.002"/>
  <system-out/>
  <testcase classname="com.suprun.periodicals.service.SubscriptionServiceTest" name="findAllSubscriptionsByPaymentWithNotExistingSubscriptionsTest" time="0.004"/>
  <system-out/>
  <testcase classname="com.suprun.periodicals.service.SubscriptionServiceTest" name="processSubscriptionsTestWithNotValidData" time="0.002"/>
  <system-out/>
  <testcase classname="com.suprun.periodicals.service.SubscriptionServiceTest" name="findAllSubscriptionsByPaymentWithExistingSubscriptionsTest" time="0.003"/>
  <system-out/>
  <testcase classname="com.suprun.periodicals.service.SubscriptionServiceTest" name="findSubscriptionPlanByIdWithNotExistingSubscriptionPlanTest" time="0.002"/>
  <system-out/>
</testsuite> <!-- com.suprun.periodicals.service.SubscriptionServiceTest -->
