<?xml version="1.0" encoding="UTF-8"?>
<!-- Generated by org.testng.reporters.JUnitReportReporter -->
<testsuite hostname="DESKTOP-4369CS2" failures="0" tests="9" name="com.suprun.periodicals.service.SubscriptionServiceTest" time="0.204" errors="0" timestamp="2021-01-31T16:23:34 MSK" skipped="0">
  <testcase classname="com.suprun.periodicals.service.SubscriptionServiceTest" name="findAllSubscriptionsByPaymentWithExistingSubscriptionsTest" time="0.075"/>
  <system-out/>
  <testcase classname="com.suprun.periodicals.service.SubscriptionServiceTest" name="getSubscriptionsCountByUserAndStatusTest" time="0.006"/>
  <system-out/>
  <testcase classname="com.suprun.periodicals.service.SubscriptionServiceTest" name="findAllSubscriptionsByUserAndStatusTest" time="0.010"/>
  <system-out/>
  <testcase classname="com.suprun.periodicals.service.SubscriptionServiceTest" name="isAlreadySubscribed" time="0.007"/>
  <system-out/>
  <testcase classname="com.suprun.periodicals.service.SubscriptionServiceTest" name="processSubscriptionsTestWithNotValidData" time="0.006"/>
  <system-out/>
  <testcase classname="com.suprun.periodicals.service.SubscriptionServiceTest" name="findSubscriptionPlanByIdWithNotExistingSubscriptionPlanTest" time="0.006"/>
  <system-out/>
  <testcase classname="com.suprun.periodicals.service.SubscriptionServiceTest" name="findAllSubscriptionsByPaymentWithNotExistingSubscriptionsTest" time="0.034"/>
  <system-out/>
  <testcase classname="com.suprun.periodicals.service.SubscriptionServiceTest" name="findAllSubscriptionPlans" time="0.021"/>
  <system-out/>
  <testcase classname="com.suprun.periodicals.service.SubscriptionServiceTest" name="findSubscriptionPeriodByIdWithExistingSubscriptionPeriodTest" time="0.039"/>
  <system-out/>
</testsuite> <!-- com.suprun.periodicals.service.SubscriptionServiceTest -->
