<?xml version="1.0" encoding="UTF-8"?>
<!-- Generated by org.testng.reporters.JUnitReportReporter -->
<testsuite hostname="DESKTOP-4369CS2" failures="0" tests="13" name="com.suprun.periodicals.service.PeriodicalServiceTest" time="7.403" errors="0" timestamp="2021-01-31T16:23:34 MSK" skipped="0">
  <testcase classname="com.suprun.periodicals.service.PeriodicalServiceTest" name="findAllPublishersTest" time="0.009"/>
  <system-out/>
  <testcase classname="com.suprun.periodicals.service.PeriodicalServiceTest" name="findAllPeriodicalsTest" time="0.015"/>
  <system-out/>
  <testcase classname="com.suprun.periodicals.service.PeriodicalServiceTest" name="findAllPeriodicalsByStatusTest" time="0.018"/>
  <system-out/>
  <testcase classname="com.suprun.periodicals.service.PeriodicalServiceTest" name="changeStatusOnSameStatusTest" time="0.005"/>
  <system-out/>
  <testcase classname="com.suprun.periodicals.service.PeriodicalServiceTest" name="findPeriodicalByIdWithExistingPeriodicalTest" time="0.007"/>
  <system-out/>
  <testcase classname="com.suprun.periodicals.service.PeriodicalServiceTest" name="updatePeriodicalTest" time="0.172"/>
  <system-out/>
  <testcase classname="com.suprun.periodicals.service.PeriodicalServiceTest" name="findPeriodicalByIdWithNotExistingPeriodicalTest" time="0.008"/>
  <system-out/>
  <testcase classname="com.suprun.periodicals.service.PeriodicalServiceTest" name="getPeriodicalsCountTest" time="0.010"/>
  <system-out/>
  <testcase classname="com.suprun.periodicals.service.PeriodicalServiceTest" name="createPeriodicalTest" time="7.103"/>
  <system-out/>
  <testcase classname="com.suprun.periodicals.service.PeriodicalServiceTest" name="getPeriodicalsCountByStatusTest" time="0.007"/>
  <system-out/>
  <testcase classname="com.suprun.periodicals.service.PeriodicalServiceTest" name="findAllPeriodicalTypesTest" time="0.016"/>
  <system-out/>
  <testcase classname="com.suprun.periodicals.service.PeriodicalServiceTest" name="findAllFrequenciesTest" time="0.026"/>
  <system-out/>
  <testcase classname="com.suprun.periodicals.service.PeriodicalServiceTest" name="changeStatusOnAnotherStatusTest" time="0.007"/>
  <system-out/>
</testsuite> <!-- com.suprun.periodicals.service.PeriodicalServiceTest -->
